<?xml version="1.0" encoding="UTF-8"?>
<testsuite xmlns:xsi="http://www.w3.org/2001/XMLSchema-instance" xsi:noNamespaceSchemaLocation="https://maven.apache.org/surefire/maven-surefire-plugin/xsd/surefire-test-report.xsd" version="3.0.2" name="MySecondTest" time="5.392" tests="1" errors="0" skipped="0" failures="0">
  <properties>
    <property name="java.specification.version" value="21"/>
    <property name="sun.jnu.encoding" value="UTF-8"/>
    <property name="java.class.path" value="/Users/aliaksei/Documents/ProjectTemplates/selenide-allure-web-test/target/test-classes:/Users/aliaksei/Documents/ProjectTemplates/selenide-allure-web-test/target/classes:/Users/aliaksei/.m2/repository/com/codeborne/selenide-core/7.4.1/selenide-core-7.4.1.jar:/Users/aliaksei/.m2/repository/org/seleniumhq/selenium/selenium-java/4.23.0/selenium-java-4.23.0.jar:/Users/aliaksei/.m2/repository/org/seleniumhq/selenium/selenium-api/4.23.0/selenium-api-4.23.0.jar:/Users/aliaksei/.m2/repository/org/seleniumhq/selenium/selenium-chrome-driver/4.23.0/selenium-chrome-driver-4.23.0.jar:/Users/aliaksei/.m2/repository/com/google/auto/service/auto-service-annotations/1.1.1/auto-service-annotations-1.1.1.jar:/Users/aliaksei/.m2/repository/org/seleniumhq/selenium/selenium-chromium-driver/4.23.0/selenium-chromium-driver-4.23.0.jar:/Users/aliaksei/.m2/repository/org/seleniumhq/selenium/selenium-json/4.23.0/selenium-json-4.23.0.jar:/Users/aliaksei/.m2/repository/org/seleniumhq/selenium/selenium-manager/4.23.0/selenium-manager-4.23.0.jar:/Users/aliaksei/.m2/repository/org/seleniumhq/selenium/selenium-devtools-v125/4.23.0/selenium-devtools-v125-4.23.0.jar:/Users/aliaksei/.m2/repository/org/seleniumhq/selenium/selenium-devtools-v126/4.23.0/selenium-devtools-v126-4.23.0.jar:/Users/aliaksei/.m2/repository/org/seleniumhq/selenium/selenium-devtools-v127/4.23.0/selenium-devtools-v127-4.23.0.jar:/Users/aliaksei/.m2/repository/org/seleniumhq/selenium/selenium-devtools-v85/4.23.0/selenium-devtools-v85-4.23.0.jar:/Users/aliaksei/.m2/repository/org/seleniumhq/selenium/selenium-edge-driver/4.23.0/selenium-edge-driver-4.23.0.jar:/Users/aliaksei/.m2/repository/org/seleniumhq/selenium/selenium-firefox-driver/4.23.0/selenium-firefox-driver-4.23.0.jar:/Users/aliaksei/.m2/repository/org/seleniumhq/selenium/selenium-http/4.23.0/selenium-http-4.23.0.jar:/Users/aliaksei/.m2/repository/dev/failsafe/failsafe/3.3.2/failsafe-3.3.2.jar:/Users/aliaksei/.m2/repository/org/seleniumhq/selenium/selenium-ie-driver/4.23.0/selenium-ie-driver-4.23.0.jar:/Users/aliaksei/.m2/repository/org/seleniumhq/selenium/selenium-remote-driver/4.23.0/selenium-remote-driver-4.23.0.jar:/Users/aliaksei/.m2/repository/io/opentelemetry/semconv/opentelemetry-semconv/1.25.0-alpha/opentelemetry-semconv-1.25.0-alpha.jar:/Users/aliaksei/.m2/repository/io/opentelemetry/opentelemetry-api/1.40.0/opentelemetry-api-1.40.0.jar:/Users/aliaksei/.m2/repository/io/opentelemetry/opentelemetry-context/1.40.0/opentelemetry-context-1.40.0.jar:/Users/aliaksei/.m2/repository/io/opentelemetry/opentelemetry-exporter-logging/1.40.0/opentelemetry-exporter-logging-1.40.0.jar:/Users/aliaksei/.m2/repository/io/opentelemetry/opentelemetry-sdk-common/1.40.0/opentelemetry-sdk-common-1.40.0.jar:/Users/aliaksei/.m2/repository/io/opentelemetry/opentelemetry-sdk-extension-autoconfigure-spi/1.40.0/opentelemetry-sdk-extension-autoconfigure-spi-1.40.0.jar:/Users/aliaksei/.m2/repository/io/opentelemetry/opentelemetry-sdk-extension-autoconfigure/1.40.0/opentelemetry-sdk-extension-autoconfigure-1.40.0.jar:/Users/aliaksei/.m2/repository/io/opentelemetry/opentelemetry-api-incubator/1.40.0-alpha/opentelemetry-api-incubator-1.40.0-alpha.jar:/Users/aliaksei/.m2/repository/io/opentelemetry/opentelemetry-sdk-trace/1.40.0/opentelemetry-sdk-trace-1.40.0.jar:/Users/aliaksei/.m2/repository/io/opentelemetry/opentelemetry-sdk/1.40.0/opentelemetry-sdk-1.40.0.jar:/Users/aliaksei/.m2/repository/io/opentelemetry/opentelemetry-sdk-metrics/1.40.0/opentelemetry-sdk-metrics-1.40.0.jar:/Users/aliaksei/.m2/repository/io/opentelemetry/opentelemetry-sdk-logs/1.40.0/opentelemetry-sdk-logs-1.40.0.jar:/Users/aliaksei/.m2/repository/org/seleniumhq/selenium/selenium-os/4.23.0/selenium-os-4.23.0.jar:/Users/aliaksei/.m2/repository/org/apache/commons/commons-exec/1.4.0/commons-exec-1.4.0.jar:/Users/aliaksei/.m2/repository/org/seleniumhq/selenium/selenium-safari-driver/4.23.0/selenium-safari-driver-4.23.0.jar:/Users/aliaksei/.m2/repository/org/seleniumhq/selenium/selenium-support/4.23.0/selenium-support-4.23.0.jar:/Users/aliaksei/.m2/repository/org/slf4j/slf4j-api/2.0.13/slf4j-api-2.0.13.jar:/Users/aliaksei/.m2/repository/org/opentest4j/opentest4j/1.3.0/opentest4j-1.3.0.jar:/Users/aliaksei/.m2/repository/com/google/guava/guava/33.2.1-jre/guava-33.2.1-jre.jar:/Users/aliaksei/.m2/repository/com/google/guava/failureaccess/1.0.2/failureaccess-1.0.2.jar:/Users/aliaksei/.m2/repository/com/google/guava/listenablefuture/9999.0-empty-to-avoid-conflict-with-guava/listenablefuture-9999.0-empty-to-avoid-conflict-with-guava.jar:/Users/aliaksei/.m2/repository/com/google/code/findbugs/jsr305/3.0.2/jsr305-3.0.2.jar:/Users/aliaksei/.m2/repository/org/checkerframework/checker-qual/3.42.0/checker-qual-3.42.0.jar:/Users/aliaksei/.m2/repository/com/google/errorprone/error_prone_annotations/2.26.1/error_prone_annotations-2.26.1.jar:/Users/aliaksei/.m2/repository/com/google/j2objc/j2objc-annotations/3.0.0/j2objc-annotations-3.0.0.jar:/Users/aliaksei/.m2/repository/org/apache/commons/commons-lang3/3.15.0/commons-lang3-3.15.0.jar:/Users/aliaksei/.m2/repository/commons-io/commons-io/2.16.1/commons-io-2.16.1.jar:/Users/aliaksei/.m2/repository/org/apache/httpcomponents/client5/httpclient5/5.3.1/httpclient5-5.3.1.jar:/Users/aliaksei/.m2/repository/org/apache/httpcomponents/core5/httpcore5/5.2.4/httpcore5-5.2.4.jar:/Users/aliaksei/.m2/repository/org/apache/httpcomponents/core5/httpcore5-h2/5.2.4/httpcore5-h2-5.2.4.jar:/Users/aliaksei/.m2/repository/com/codeborne/selenide/7.3.1/selenide-7.3.1.jar:/Users/aliaksei/.m2/repository/org/slf4j/slf4j-simple/2.0.13/slf4j-simple-2.0.13.jar:/Users/aliaksei/.m2/repository/com/github/javafaker/javafaker/1.0.2/javafaker-1.0.2.jar:/Users/aliaksei/.m2/repository/org/yaml/snakeyaml/1.23/snakeyaml-1.23-android.jar:/Users/aliaksei/.m2/repository/com/github/mifmif/generex/1.0.2/generex-1.0.2.jar:/Users/aliaksei/.m2/repository/dk/brics/automaton/automaton/1.11-8/automaton-1.11-8.jar:/Users/aliaksei/.m2/repository/org/junit/jupiter/junit-jupiter-api/5.10.3/junit-jupiter-api-5.10.3.jar:/Users/aliaksei/.m2/repository/org/junit/platform/junit-platform-commons/1.10.3/junit-platform-commons-1.10.3.jar:/Users/aliaksei/.m2/repository/org/apiguardian/apiguardian-api/1.1.2/apiguardian-api-1.1.2.jar:/Users/aliaksei/.m2/repository/org/assertj/assertj-core/3.26.3/assertj-core-3.26.3.jar:/Users/aliaksei/.m2/repository/net/bytebuddy/byte-buddy/1.14.18/byte-buddy-1.14.18.jar:"/>
    <property name="java.vm.vendor" value="Oracle Corporation"/>
    <property name="sun.arch.data.model" value="64"/>
    <property name="java.vendor.url" value="https://java.oracle.com/"/>
    <property name="user.timezone" value="Asia/Tbilisi"/>
    <property name="os.name" value="Mac OS X"/>
    <property name="java.vm.specification.version" value="21"/>
    <property name="sun.java.launcher" value="SUN_STANDARD"/>
    <property name="user.country" value="HT"/>
    <property name="sun.boot.library.path" value="/Library/Java/JavaVirtualMachines/jdk-21.jdk/Contents/Home/lib"/>
    <property name="sun.java.command" value="/Users/aliaksei/Documents/ProjectTemplates/selenide-allure-web-test/target/surefire/surefirebooter-20240809131044956_3.jar /Users/aliaksei/Documents/ProjectTemplates/selenide-allure-web-test/target/surefire 2024-08-09T13-10-44_842-jvmRun1 surefire-20240809131044956_1tmp surefire_0-20240809131044956_2tmp"/>
    <property name="http.nonProxyHosts" value="local|*.local|169.254/16|*.169.254/16"/>
    <property name="jdk.debug" value="release"/>
    <property name="surefire.test.class.path" value="/Users/aliaksei/Documents/ProjectTemplates/selenide-allure-web-test/target/test-classes:/Users/aliaksei/Documents/ProjectTemplates/selenide-allure-web-test/target/classes:/Users/aliaksei/.m2/repository/com/codeborne/selenide-core/7.4.1/selenide-core-7.4.1.jar:/Users/aliaksei/.m2/repository/org/seleniumhq/selenium/selenium-java/4.23.0/selenium-java-4.23.0.jar:/Users/aliaksei/.m2/repository/org/seleniumhq/selenium/selenium-api/4.23.0/selenium-api-4.23.0.jar:/Users/aliaksei/.m2/repository/org/seleniumhq/selenium/selenium-chrome-driver/4.23.0/selenium-chrome-driver-4.23.0.jar:/Users/aliaksei/.m2/repository/com/google/auto/service/auto-service-annotations/1.1.1/auto-service-annotations-1.1.1.jar:/Users/aliaksei/.m2/repository/org/seleniumhq/selenium/selenium-chromium-driver/4.23.0/selenium-chromium-driver-4.23.0.jar:/Users/aliaksei/.m2/repository/org/seleniumhq/selenium/selenium-json/4.23.0/selenium-json-4.23.0.jar:/Users/aliaksei/.m2/repository/org/seleniumhq/selenium/selenium-manager/4.23.0/selenium-manager-4.23.0.jar:/Users/aliaksei/.m2/repository/org/seleniumhq/selenium/selenium-devtools-v125/4.23.0/selenium-devtools-v125-4.23.0.jar:/Users/aliaksei/.m2/repository/org/seleniumhq/selenium/selenium-devtools-v126/4.23.0/selenium-devtools-v126-4.23.0.jar:/Users/aliaksei/.m2/repository/org/seleniumhq/selenium/selenium-devtools-v127/4.23.0/selenium-devtools-v127-4.23.0.jar:/Users/aliaksei/.m2/repository/org/seleniumhq/selenium/selenium-devtools-v85/4.23.0/selenium-devtools-v85-4.23.0.jar:/Users/aliaksei/.m2/repository/org/seleniumhq/selenium/selenium-edge-driver/4.23.0/selenium-edge-driver-4.23.0.jar:/Users/aliaksei/.m2/repository/org/seleniumhq/selenium/selenium-firefox-driver/4.23.0/selenium-firefox-driver-4.23.0.jar:/Users/aliaksei/.m2/repository/org/seleniumhq/selenium/selenium-http/4.23.0/selenium-http-4.23.0.jar:/Users/aliaksei/.m2/repository/dev/failsafe/failsafe/3.3.2/failsafe-3.3.2.jar:/Users/aliaksei/.m2/repository/org/seleniumhq/selenium/selenium-ie-driver/4.23.0/selenium-ie-driver-4.23.0.jar:/Users/aliaksei/.m2/repository/org/seleniumhq/selenium/selenium-remote-driver/4.23.0/selenium-remote-driver-4.23.0.jar:/Users/aliaksei/.m2/repository/io/opentelemetry/semconv/opentelemetry-semconv/1.25.0-alpha/opentelemetry-semconv-1.25.0-alpha.jar:/Users/aliaksei/.m2/repository/io/opentelemetry/opentelemetry-api/1.40.0/opentelemetry-api-1.40.0.jar:/Users/aliaksei/.m2/repository/io/opentelemetry/opentelemetry-context/1.40.0/opentelemetry-context-1.40.0.jar:/Users/aliaksei/.m2/repository/io/opentelemetry/opentelemetry-exporter-logging/1.40.0/opentelemetry-exporter-logging-1.40.0.jar:/Users/aliaksei/.m2/repository/io/opentelemetry/opentelemetry-sdk-common/1.40.0/opentelemetry-sdk-common-1.40.0.jar:/Users/aliaksei/.m2/repository/io/opentelemetry/opentelemetry-sdk-extension-autoconfigure-spi/1.40.0/opentelemetry-sdk-extension-autoconfigure-spi-1.40.0.jar:/Users/aliaksei/.m2/repository/io/opentelemetry/opentelemetry-sdk-extension-autoconfigure/1.40.0/opentelemetry-sdk-extension-autoconfigure-1.40.0.jar:/Users/aliaksei/.m2/repository/io/opentelemetry/opentelemetry-api-incubator/1.40.0-alpha/opentelemetry-api-incubator-1.40.0-alpha.jar:/Users/aliaksei/.m2/repository/io/opentelemetry/opentelemetry-sdk-trace/1.40.0/opentelemetry-sdk-trace-1.40.0.jar:/Users/aliaksei/.m2/repository/io/opentelemetry/opentelemetry-sdk/1.40.0/opentelemetry-sdk-1.40.0.jar:/Users/aliaksei/.m2/repository/io/opentelemetry/opentelemetry-sdk-metrics/1.40.0/opentelemetry-sdk-metrics-1.40.0.jar:/Users/aliaksei/.m2/repository/io/opentelemetry/opentelemetry-sdk-logs/1.40.0/opentelemetry-sdk-logs-1.40.0.jar:/Users/aliaksei/.m2/repository/org/seleniumhq/selenium/selenium-os/4.23.0/selenium-os-4.23.0.jar:/Users/aliaksei/.m2/repository/org/apache/commons/commons-exec/1.4.0/commons-exec-1.4.0.jar:/Users/aliaksei/.m2/repository/org/seleniumhq/selenium/selenium-safari-driver/4.23.0/selenium-safari-driver-4.23.0.jar:/Users/aliaksei/.m2/repository/org/seleniumhq/selenium/selenium-support/4.23.0/selenium-support-4.23.0.jar:/Users/aliaksei/.m2/repository/org/slf4j/slf4j-api/2.0.13/slf4j-api-2.0.13.jar:/Users/aliaksei/.m2/repository/org/opentest4j/opentest4j/1.3.0/opentest4j-1.3.0.jar:/Users/aliaksei/.m2/repository/com/google/guava/guava/33.2.1-jre/guava-33.2.1-jre.jar:/Users/aliaksei/.m2/repository/com/google/guava/failureaccess/1.0.2/failureaccess-1.0.2.jar:/Users/aliaksei/.m2/repository/com/google/guava/listenablefuture/9999.0-empty-to-avoid-conflict-with-guava/listenablefuture-9999.0-empty-to-avoid-conflict-with-guava.jar:/Users/aliaksei/.m2/repository/com/google/code/findbugs/jsr305/3.0.2/jsr305-3.0.2.jar:/Users/aliaksei/.m2/repository/org/checkerframework/checker-qual/3.42.0/checker-qual-3.42.0.jar:/Users/aliaksei/.m2/repository/com/google/errorprone/error_prone_annotations/2.26.1/error_prone_annotations-2.26.1.jar:/Users/aliaksei/.m2/repository/com/google/j2objc/j2objc-annotations/3.0.0/j2objc-annotations-3.0.0.jar:/Users/aliaksei/.m2/repository/org/apache/commons/commons-lang3/3.15.0/commons-lang3-3.15.0.jar:/Users/aliaksei/.m2/repository/commons-io/commons-io/2.16.1/commons-io-2.16.1.jar:/Users/aliaksei/.m2/repository/org/apache/httpcomponents/client5/httpclient5/5.3.1/httpclient5-5.3.1.jar:/Users/aliaksei/.m2/repository/org/apache/httpcomponents/core5/httpcore5/5.2.4/httpcore5-5.2.4.jar:/Users/aliaksei/.m2/repository/org/apache/httpcomponents/core5/httpcore5-h2/5.2.4/httpcore5-h2-5.2.4.jar:/Users/aliaksei/.m2/repository/com/codeborne/selenide/7.3.1/selenide-7.3.1.jar:/Users/aliaksei/.m2/repository/org/slf4j/slf4j-simple/2.0.13/slf4j-simple-2.0.13.jar:/Users/aliaksei/.m2/repository/com/github/javafaker/javafaker/1.0.2/javafaker-1.0.2.jar:/Users/aliaksei/.m2/repository/org/yaml/snakeyaml/1.23/snakeyaml-1.23-android.jar:/Users/aliaksei/.m2/repository/com/github/mifmif/generex/1.0.2/generex-1.0.2.jar:/Users/aliaksei/.m2/repository/dk/brics/automaton/automaton/1.11-8/automaton-1.11-8.jar:/Users/aliaksei/.m2/repository/org/junit/jupiter/junit-jupiter-api/5.10.3/junit-jupiter-api-5.10.3.jar:/Users/aliaksei/.m2/repository/org/junit/platform/junit-platform-commons/1.10.3/junit-platform-commons-1.10.3.jar:/Users/aliaksei/.m2/repository/org/apiguardian/apiguardian-api/1.1.2/apiguardian-api-1.1.2.jar:/Users/aliaksei/.m2/repository/org/assertj/assertj-core/3.26.3/assertj-core-3.26.3.jar:/Users/aliaksei/.m2/repository/net/bytebuddy/byte-buddy/1.14.18/byte-buddy-1.14.18.jar:"/>
    <property name="sun.cpu.endian" value="little"/>
    <property name="user.home" value="/Users/aliaksei"/>
    <property name="user.language" value="en"/>
    <property name="java.specification.vendor" value="Oracle Corporation"/>
    <property name="java.version.date" value="2024-07-16"/>
    <property name="java.home" value="/Library/Java/JavaVirtualMachines/jdk-21.jdk/Contents/Home"/>
    <property name="file.separator" value="/"/>
    <property name="basedir" value="/Users/aliaksei/Documents/ProjectTemplates/selenide-allure-web-test"/>
    <property name="java.vm.compressedOopsMode" value="Zero based"/>
    <property name="line.separator" value="&#10;"/>
    <property name="java.vm.specification.vendor" value="Oracle Corporation"/>
    <property name="java.specification.name" value="Java Platform API Specification"/>
    <property name="apple.awt.application.name" value="ForkedBooter"/>
    <property name="surefire.real.class.path" value="/Users/aliaksei/Documents/ProjectTemplates/selenide-allure-web-test/target/surefire/surefirebooter-20240809131044956_3.jar"/>
    <property name="sun.management.compiler" value="HotSpot 64-Bit Tiered Compilers"/>
    <property name="ftp.nonProxyHosts" value="local|*.local|169.254/16|*.169.254/16"/>
    <property name="java.runtime.version" value="21.0.4+8-LTS-274"/>
    <property name="user.name" value="aliaksei"/>
    <property name="stdout.encoding" value="UTF-8"/>
    <property name="path.separator" value=":"/>
    <property name="os.version" value="14.5"/>
    <property name="java.runtime.name" value="Java(TM) SE Runtime Environment"/>
    <property name="file.encoding" value="UTF-8"/>
    <property name="java.vm.name" value="Java HotSpot(TM) 64-Bit Server VM"/>
    <property name="localRepository" value="/Users/aliaksei/.m2/repository"/>
    <property name="java.vendor.url.bug" value="https://bugreport.java.com/bugreport/"/>
    <property name="java.io.tmpdir" value="/var/folders/kn/zf96wp554c325p5b2f0jjq3w0000gp/T/"/>
    <property name="java.version" value="21.0.4"/>
    <property name="user.dir" value="/Users/aliaksei/Documents/ProjectTemplates/selenide-allure-web-test"/>
    <property name="os.arch" value="x86_64"/>
    <property name="java.vm.specification.name" value="Java Virtual Machine Specification"/>
    <property name="native.encoding" value="UTF-8"/>
    <property name="java.library.path" value="/Users/aliaksei/Library/Java/Extensions:/Library/Java/Extensions:/Network/Library/Java/Extensions:/System/Library/Java/Extensions:/usr/lib/java:."/>
    <property name="java.vm.info" value="mixed mode, sharing"/>
    <property name="stderr.encoding" value="UTF-8"/>
    <property name="java.vendor" value="Oracle Corporation"/>
    <property name="java.vm.version" value="21.0.4+8-LTS-274"/>
    <property name="sun.io.unicode.encoding" value="UnicodeBig"/>
    <property name="socksNonProxyHosts" value="local|*.local|169.254/16|*.169.254/16"/>
    <property name="java.class.version" value="65.0"/>
  </properties>
  <testcase name="performTestSearchTwo" classname="MySecondTest" time="5.39">
    <system-err><![CDATA[[main] INFO com.codeborne.selenide.impl.WebDriverThreadLocalContainer - No webdriver is bound to current thread: 1 - let's create a new webdriver
[main] INFO com.codeborne.selenide.impl.FileHelper - Creating folder: /Users/aliaksei/Documents/ProjectTemplates/selenide-allure-web-test/build/downloads/1723194651289_71297_1
[main] INFO com.codeborne.selenide.webdriver.WebDriverFactory - BrowserName=chrome Version=127.0.6533.100 Platform=mac
[main] INFO com.codeborne.selenide.webdriver.WebDriverFactory - Selenide v. 7.3.1
[main] INFO com.codeborne.selenide.webdriver.WebDriverFactory - Selenium WebDriver v. 4.23.0 build revision: 4df0a231af
[main] INFO com.codeborne.selenide.drivercommands.CreateDriverCommand - Created webdriver in thread 1: ChromeDriver -> ChromeDriver: chrome on mac (2bee5366e3b1278f10c7199e80efdf66), downloadsFolder: /Users/aliaksei/Documents/ProjectTemplates/selenide-allure-web-test/build/downloads/1723194651289_71297_1
[main] INFO com.codeborne.selenide.drivercommands.DisposablesRegistry - Register WebDriverInstance[config=StaticConfig, webDriver=ChromeDriver: chrome on mac (2bee5366e3b1278f10c7199e80efdf66), proxy=null, downloadsFolder=/Users/aliaksei/Documents/ProjectTemplates/selenide-allure-web-test/build/downloads/1723194651289_71297_1] in 1 [size=1]
[main] INFO com.codeborne.selenide.impl.FileHelper - Deleted empty folder: /Users/aliaksei/Documents/ProjectTemplates/selenide-allure-web-test/build/downloads/1723194651289_71297_1
[main] INFO com.codeborne.selenide.drivercommands.CloseDriverCommand - Close webdriver: 1 -> ChromeDriver: chrome on mac (2bee5366e3b1278f10c7199e80efdf66)...
[main] INFO com.codeborne.selenide.drivercommands.CloseDriverCommand - Closed webdriver 1 in 227 ms
[main] INFO com.codeborne.selenide.drivercommands.DisposablesRegistry - Unregister WebDriverInstance[config=StaticConfig, webDriver=ChromeDriver: chrome on mac (null), proxy=null, downloadsFolder=/Users/aliaksei/Documents/ProjectTemplates/selenide-allure-web-test/build/downloads/1723194651289_71297_1] in 1 [size=0]
]]></system-err>
  </testcase>
</testsuite>